
> @ start /home/steven/test/afs_rnode_ndn
> node src/connector.js

Register prefix /bfs
(node:10573) [DEP0005] DeprecationWarning: Buffer() is deprecated due to security and usability issues. Please use the Buffer.alloc(), Buffer.allocUnsafe(), or Buffer.from() methods instead.
Interest Packaet URI - /bfs/query/afid/1e00000000006ea783fa41d12695d061fb0a0c265c28c6478fb36d4d724ece0369592f940dc1d4c2198399736c025130e30dcf7c582033e1f2bc51fd727b5c47
Issue Command - /aos/ks/afs_1e/afs-x64 ";_f=query;afid=1e00000000006ea783fa41d12695d061fb0a0c265c28c6478fb36d4d724ece0369592f940dc1d4c2198399736c025130e30dcf7c582033e1f2bc51fd727b5c47;"
Command Result - ;_r=true;is_exist=true;field=|afs|;is_cache=false;afid=1e00000000006ea783fa41d12695d061fb0a0c265c28c6478fb36d4d724ece0369592f940dc1d4c2198399736c025130e30dcf7c582033e1f2bc51fd727b5c47;;
Data Packet - {"afid":"1e00000000006ea783fa41d12695d061fb0a0c265c28c6478fb36d4d724ece0369592f940dc1d4c2198399736c025130e30dcf7c582033e1f2bc51fd727b5c47","field":"|afs|","address":"192.168.1.1:8080"}


Interest Packaet URI - /bfs/query/afid/1e00000000006ea783fa41d12695d061fb0a0c265c28c6478fb36d4d724ece0369592f940dc1d4c2198399736c025130e30dcf7c582033e1f2bc51fd727b5c47
Issue Command - /aos/ks/afs_1e/afs-x64 ";_f=query;afid=1e00000000006ea783fa41d12695d061fb0a0c265c28c6478fb36d4d724ece0369592f940dc1d4c2198399736c025130e30dcf7c582033e1f2bc51fd727b5c47;"
Command Result - ;_r=true;is_exist=true;field=|afs|;is_cache=false;afid=1e00000000006ea783fa41d12695d061fb0a0c265c28c6478fb36d4d724ece0369592f940dc1d4c2198399736c025130e30dcf7c582033e1f2bc51fd727b5c47;;
Data Packet - {"afid":"1e00000000006ea783fa41d12695d061fb0a0c265c28c6478fb36d4d724ece0369592f940dc1d4c2198399736c025130e30dcf7c582033e1f2bc51fd727b5c47","field":"|afs|","address":"192.168.1.1:8080"}


Interest Packaet URI - /bfs/query/afid/1e00000000006ea783fa41d12695d061fb0a0c265c28c6478fb36d4d724ece0369592f940dc1d4c2198399736c025130e30dcf7c582033e1f2bc51fd727b5c47
Issue Command - /aos/ks/afs_1e/afs-x64 ";_f=query;afid=1e00000000006ea783fa41d12695d061fb0a0c265c28c6478fb36d4d724ece0369592f940dc1d4c2198399736c025130e30dcf7c582033e1f2bc51fd727b5c47;"
Command Result - ;_r=true;is_exist=true;field=|afs|;is_cache=false;afid=1e00000000006ea783fa41d12695d061fb0a0c265c28c6478fb36d4d724ece0369592f940dc1d4c2198399736c025130e30dcf7c582033e1f2bc51fd727b5c47;;
Data Packet - {"afid":"1e00000000006ea783fa41d12695d061fb0a0c265c28c6478fb36d4d724ece0369592f940dc1d4c2198399736c025130e30dcf7c582033e1f2bc51fd727b5c47","field":"|afs|","address":"192.168.1.1:8080"}


Interest Packaet URI - /bfs/query/afid/1e00000000006ea783fa41d12695d061fb0a0c265c28c6478fb36d4d724ece0369592f940dc1d4c2198399736c025130e30dcf7c582033e1f2bc51fd727b5c47
Issue Command - /aos/ks/afs_1e/afs-x64 ";_f=query;afid=1e00000000006ea783fa41d12695d061fb0a0c265c28c6478fb36d4d724ece0369592f940dc1d4c2198399736c025130e30dcf7c582033e1f2bc51fd727b5c47;"
Command Result - ;_r=true;is_exist=true;field=|afs|;is_cache=false;afid=1e00000000006ea783fa41d12695d061fb0a0c265c28c6478fb36d4d724ece0369592f940dc1d4c2198399736c025130e30dcf7c582033e1f2bc51fd727b5c47;;
Data Packet - {"afid":"1e00000000006ea783fa41d12695d061fb0a0c265c28c6478fb36d4d724ece0369592f940dc1d4c2198399736c025130e30dcf7c582033e1f2bc51fd727b5c47","field":"|afs|","address":"192.168.1.1:8080"}


Interest Packaet URI - /bfs/query/afid/1e00000000006ea783fa41d12695d061fb0a0c265c28c6478fb36d4d724ece0369592f940dc1d4c2198399736c025130e30dcf7c582033e1f2bc51fd727b5c47
Issue Command - /aos/ks/afs_1e/afs-x64 ";_f=query;afid=1e00000000006ea783fa41d12695d061fb0a0c265c28c6478fb36d4d724ece0369592f940dc1d4c2198399736c025130e30dcf7c582033e1f2bc51fd727b5c47;"
Command Result - ;_r=true;is_exist=true;field=|afs|;is_cache=false;afid=1e00000000006ea783fa41d12695d061fb0a0c265c28c6478fb36d4d724ece0369592f940dc1d4c2198399736c025130e30dcf7c582033e1f2bc51fd727b5c47;;
Data Packet - {"afid":"1e00000000006ea783fa41d12695d061fb0a0c265c28c6478fb36d4d724ece0369592f940dc1d4c2198399736c025130e30dcf7c582033e1f2bc51fd727b5c47","field":"|afs|","address":"192.168.1.1:8080"}


Interest Packaet URI - /bfs/query/afid/1e00000000006ea783fa41d12695d061fb0a0c265c28c6478fb36d4d724ece0369592f940dc1d4c2198399736c025130e30dcf7c582033e1f2bc51fd727b5c47
Issue Command - /aos/ks/afs_1e/afs-x64 ";_f=query;afid=1e00000000006ea783fa41d12695d061fb0a0c265c28c6478fb36d4d724ece0369592f940dc1d4c2198399736c025130e30dcf7c582033e1f2bc51fd727b5c47;"
Command Result - ;_r=true;is_exist=true;field=|afs|;is_cache=false;afid=1e00000000006ea783fa41d12695d061fb0a0c265c28c6478fb36d4d724ece0369592f940dc1d4c2198399736c025130e30dcf7c582033e1f2bc51fd727b5c47;;
Data Packet - {"afid":"1e00000000006ea783fa41d12695d061fb0a0c265c28c6478fb36d4d724ece0369592f940dc1d4c2198399736c025130e30dcf7c582033e1f2bc51fd727b5c47","field":"|afs|","address":"192.168.1.1:8080"}


Interest Packaet URI - /bfs/query/afid/1e00000000006ea783fa41d12695d061fb0a0c265c28c6478fb36d4d724ece0369592f940dc1d4c2198399736c025130e30dcf7c582033e1f2bc51fd727b5c47
Issue Command - /aos/ks/afs_1e/afs-x64 ";_f=query;afid=1e00000000006ea783fa41d12695d061fb0a0c265c28c6478fb36d4d724ece0369592f940dc1d4c2198399736c025130e30dcf7c582033e1f2bc51fd727b5c47;"
Command Result - ;_r=true;is_exist=true;field=|afs|;is_cache=false;afid=1e00000000006ea783fa41d12695d061fb0a0c265c28c6478fb36d4d724ece0369592f940dc1d4c2198399736c025130e30dcf7c582033e1f2bc51fd727b5c47;;
Data Packet - {"afid":"1e00000000006ea783fa41d12695d061fb0a0c265c28c6478fb36d4d724ece0369592f940dc1d4c2198399736c025130e30dcf7c582033e1f2bc51fd727b5c47","field":"|afs|","address":"192.168.1.1:8080"}


Interest Packaet URI - /bfs/query/afid/1e00000000006ea783fa41d12695d061fb0a0c265c28c6478fb36d4d724ece0369592f940dc1d4c2198399736c025130e30dcf7c582033e1f2bc51fd727b5c47
Issue Command - /aos/ks/afs_1e/afs-x64 ";_f=query;afid=1e00000000006ea783fa41d12695d061fb0a0c265c28c6478fb36d4d724ece0369592f940dc1d4c2198399736c025130e30dcf7c582033e1f2bc51fd727b5c47;"
Command Result - ;_r=true;is_exist=true;field=|afs|;is_cache=false;afid=1e00000000006ea783fa41d12695d061fb0a0c265c28c6478fb36d4d724ece0369592f940dc1d4c2198399736c025130e30dcf7c582033e1f2bc51fd727b5c47;;
Data Packet - {"afid":"1e00000000006ea783fa41d12695d061fb0a0c265c28c6478fb36d4d724ece0369592f940dc1d4c2198399736c025130e30dcf7c582033e1f2bc51fd727b5c47","field":"|afs|","address":"192.168.1.1:8080"}


Interest Packaet URI - /bfs/query/afid/1e00000000006ea783fa41d12695d061fb0a0c265c28c6478fb36d4d724ece0369592f940dc1d4c2198399736c025130e30dcf7c582033e1f2bc51fd727b5c47
Issue Command - /aos/ks/afs_1e/afs-x64 ";_f=query;afid=1e00000000006ea783fa41d12695d061fb0a0c265c28c6478fb36d4d724ece0369592f940dc1d4c2198399736c025130e30dcf7c582033e1f2bc51fd727b5c47;"
Command Result - ;_r=true;is_exist=true;field=|afs|;is_cache=false;afid=1e00000000006ea783fa41d12695d061fb0a0c265c28c6478fb36d4d724ece0369592f940dc1d4c2198399736c025130e30dcf7c582033e1f2bc51fd727b5c47;;
Data Packet - {"afid":"1e00000000006ea783fa41d12695d061fb0a0c265c28c6478fb36d4d724ece0369592f940dc1d4c2198399736c025130e30dcf7c582033e1f2bc51fd727b5c47","field":"|afs|","address":"192.168.1.1:8080"}


Interest Packaet URI - /bfs/query/afid/1e00000000006ea783fa41d12695d061fb0a0c265c28c6478fb36d4d724ece0369592f940dc1d4c2198399736c025130e30dcf7c582033e1f2bc51fd727b5c47
Issue Command - /aos/ks/afs_1e/afs-x64 ";_f=query;afid=1e00000000006ea783fa41d12695d061fb0a0c265c28c6478fb36d4d724ece0369592f940dc1d4c2198399736c025130e30dcf7c582033e1f2bc51fd727b5c47;"
Command Result - ;_r=true;is_exist=true;field=|afs|;is_cache=false;afid=1e00000000006ea783fa41d12695d061fb0a0c265c28c6478fb36d4d724ece0369592f940dc1d4c2198399736c025130e30dcf7c582033e1f2bc51fd727b5c47;;
Data Packet - {"afid":"1e00000000006ea783fa41d12695d061fb0a0c265c28c6478fb36d4d724ece0369592f940dc1d4c2198399736c025130e30dcf7c582033e1f2bc51fd727b5c47","field":"|afs|","address":"192.168.1.1:8080"}


Interest Packaet URI - /bfs/query/afid/1e00000000006ea783fa41d12695d061fb0a0c265c28c6478fb36d4d724ece0369592f940dc1d4c2198399736c025130e30dcf7c582033e1f2bc51fd727b5c47
Issue Command - /aos/ks/afs_1e/afs-x64 ";_f=query;afid=1e00000000006ea783fa41d12695d061fb0a0c265c28c6478fb36d4d724ece0369592f940dc1d4c2198399736c025130e30dcf7c582033e1f2bc51fd727b5c47;"
Command Result - ;_r=true;is_exist=true;field=|afs|;is_cache=false;afid=1e00000000006ea783fa41d12695d061fb0a0c265c28c6478fb36d4d724ece0369592f940dc1d4c2198399736c025130e30dcf7c582033e1f2bc51fd727b5c47;;
Data Packet - {"afid":"1e00000000006ea783fa41d12695d061fb0a0c265c28c6478fb36d4d724ece0369592f940dc1d4c2198399736c025130e30dcf7c582033e1f2bc51fd727b5c47","field":"|afs|","address":"192.168.1.1:8080"}


Interest Packaet URI - /bfs/query/afid/1e00000000006ea783fa41d12695d061fb0a0c265c28c6478fb36d4d724ece0369592f940dc1d4c2198399736c025130e30dcf7c582033e1f2bc51fd727b5c47
Issue Command - /aos/ks/afs_1e/afs-x64 ";_f=query;afid=1e00000000006ea783fa41d12695d061fb0a0c265c28c6478fb36d4d724ece0369592f940dc1d4c2198399736c025130e30dcf7c582033e1f2bc51fd727b5c47;"
Command Result - ;_r=true;is_exist=true;field=|afs|;is_cache=false;afid=1e00000000006ea783fa41d12695d061fb0a0c265c28c6478fb36d4d724ece0369592f940dc1d4c2198399736c025130e30dcf7c582033e1f2bc51fd727b5c47;;
Data Packet - {"afid":"1e00000000006ea783fa41d12695d061fb0a0c265c28c6478fb36d4d724ece0369592f940dc1d4c2198399736c025130e30dcf7c582033e1f2bc51fd727b5c47","field":"|afs|","address":"192.168.1.1:8080"}


Interest Packaet URI - /bfs/query/afid/1e00000000006ea783fa41d12695d061fb0a0c265c28c6478fb36d4d724ece0369592f940dc1d4c2198399736c025130e30dcf7c582033e1f2bc51fd727b5c47
Issue Command - /aos/ks/afs_1e/afs-x64 ";_f=query;afid=1e00000000006ea783fa41d12695d061fb0a0c265c28c6478fb36d4d724ece0369592f940dc1d4c2198399736c025130e30dcf7c582033e1f2bc51fd727b5c47;"
Command Result - ;_r=true;is_exist=true;field=|afs|;is_cache=false;afid=1e00000000006ea783fa41d12695d061fb0a0c265c28c6478fb36d4d724ece0369592f940dc1d4c2198399736c025130e30dcf7c582033e1f2bc51fd727b5c47;;
Data Packet - {"afid":"1e00000000006ea783fa41d12695d061fb0a0c265c28c6478fb36d4d724ece0369592f940dc1d4c2198399736c025130e30dcf7c582033e1f2bc51fd727b5c47","field":"|afs|","address":"192.168.1.1:8080"}


Interest Packaet URI - /bfs/query/afid/1e00000000006ea783fa41d12695d061fb0a0c265c28c6478fb36d4d724ece0369592f940dc1d4c2198399736c025130e30dcf7c582033e1f2bc51fd727b5c47
Issue Command - /aos/ks/afs_1e/afs-x64 ";_f=query;afid=1e00000000006ea783fa41d12695d061fb0a0c265c28c6478fb36d4d724ece0369592f940dc1d4c2198399736c025130e30dcf7c582033e1f2bc51fd727b5c47;"
Command Result - ;_r=true;is_exist=true;field=|afs|;is_cache=false;afid=1e00000000006ea783fa41d12695d061fb0a0c265c28c6478fb36d4d724ece0369592f940dc1d4c2198399736c025130e30dcf7c582033e1f2bc51fd727b5c47;;
Data Packet - {"afid":"1e00000000006ea783fa41d12695d061fb0a0c265c28c6478fb36d4d724ece0369592f940dc1d4c2198399736c025130e30dcf7c582033e1f2bc51fd727b5c47","field":"|afs|","address":"192.168.1.1:8080"}


Interest Packaet URI - /bfs/query/afid/1e00000000006ea783fa41d12695d061fb0a0c265c28c6478fb36d4d724ece0369592f940dc1d4c2198399736c025130e30dcf7c582033e1f2bc51fd727b5c47
Issue Command - /aos/ks/afs_1e/afs-x64 ";_f=query;afid=1e00000000006ea783fa41d12695d061fb0a0c265c28c6478fb36d4d724ece0369592f940dc1d4c2198399736c025130e30dcf7c582033e1f2bc51fd727b5c47;"
Command Result - ;_r=true;is_exist=true;field=|afs|;is_cache=false;afid=1e00000000006ea783fa41d12695d061fb0a0c265c28c6478fb36d4d724ece0369592f940dc1d4c2198399736c025130e30dcf7c582033e1f2bc51fd727b5c47;;
Data Packet - {"afid":"1e00000000006ea783fa41d12695d061fb0a0c265c28c6478fb36d4d724ece0369592f940dc1d4c2198399736c025130e30dcf7c582033e1f2bc51fd727b5c47","field":"|afs|","address":"192.168.1.1:8080"}


Interest Packaet URI - /bfs/query/afid/1e00000000006ea783fa41d12695d061fb0a0c265c28c6478fb36d4d724ece0369592f940dc1d4c2198399736c025130e30dcf7c582033e1f2bc51fd727b5c47
Issue Command - /aos/ks/afs_1e/afs-x64 ";_f=query;afid=1e00000000006ea783fa41d12695d061fb0a0c265c28c6478fb36d4d724ece0369592f940dc1d4c2198399736c025130e30dcf7c582033e1f2bc51fd727b5c47;"
Command Result - ;_r=true;is_exist=true;field=|afs|;is_cache=false;afid=1e00000000006ea783fa41d12695d061fb0a0c265c28c6478fb36d4d724ece0369592f940dc1d4c2198399736c025130e30dcf7c582033e1f2bc51fd727b5c47;;
Data Packet - {"afid":"1e00000000006ea783fa41d12695d061fb0a0c265c28c6478fb36d4d724ece0369592f940dc1d4c2198399736c025130e30dcf7c582033e1f2bc51fd727b5c47","field":"|afs|","address":"192.168.1.1:8080"}


Interest Packaet URI - /bfs/query/afid/1e00000000006ea783fa41d12695d061fb0a0c265c28c6478fb36d4d724ece0369592f940dc1d4c2198399736c025130e30dcf7c582033e1f2bc51fd727b5c47
Issue Command - /aos/ks/afs_1e/afs-x64 ";_f=query;afid=1e00000000006ea783fa41d12695d061fb0a0c265c28c6478fb36d4d724ece0369592f940dc1d4c2198399736c025130e30dcf7c582033e1f2bc51fd727b5c47;"
Command Result - ;_r=true;is_exist=true;field=|afs|;is_cache=false;afid=1e00000000006ea783fa41d12695d061fb0a0c265c28c6478fb36d4d724ece0369592f940dc1d4c2198399736c025130e30dcf7c582033e1f2bc51fd727b5c47;;
Data Packet - {"afid":"1e00000000006ea783fa41d12695d061fb0a0c265c28c6478fb36d4d724ece0369592f940dc1d4c2198399736c025130e30dcf7c582033e1f2bc51fd727b5c47","field":"|afs|","address":"192.168.1.1:8080"}


Interest Packaet URI - /bfs/query/afid/1e00000000006ea783fa41d12695d061fb0a0c265c28c6478fb36d4d724ece0369592f940dc1d4c2198399736c025130e30dcf7c582033e1f2bc51fd727b5c47
Issue Command - /aos/ks/afs_1e/afs-x64 ";_f=query;afid=1e00000000006ea783fa41d12695d061fb0a0c265c28c6478fb36d4d724ece0369592f940dc1d4c2198399736c025130e30dcf7c582033e1f2bc51fd727b5c47;"
Command Result - ;_r=true;is_exist=true;field=|afs|;is_cache=false;afid=1e00000000006ea783fa41d12695d061fb0a0c265c28c6478fb36d4d724ece0369592f940dc1d4c2198399736c025130e30dcf7c582033e1f2bc51fd727b5c47;;
Data Packet - {"afid":"1e00000000006ea783fa41d12695d061fb0a0c265c28c6478fb36d4d724ece0369592f940dc1d4c2198399736c025130e30dcf7c582033e1f2bc51fd727b5c47","field":"|afs|","address":"192.168.1.1:8080"}


Interest Packaet URI - /bfs/query/afid/1e00000000006ea783fa41d12695d061fb0a0c265c28c6478fb36d4d724ece0369592f940dc1d4c2198399736c025130e30dcf7c582033e1f2bc51fd727b5c47
Issue Command - /aos/ks/afs_1e/afs-x64 ";_f=query;afid=1e00000000006ea783fa41d12695d061fb0a0c265c28c6478fb36d4d724ece0369592f940dc1d4c2198399736c025130e30dcf7c582033e1f2bc51fd727b5c47;"
Command Result - ;_r=true;is_exist=true;field=|afs|;is_cache=false;afid=1e00000000006ea783fa41d12695d061fb0a0c265c28c6478fb36d4d724ece0369592f940dc1d4c2198399736c025130e30dcf7c582033e1f2bc51fd727b5c47;;
Data Packet - {"afid":"1e00000000006ea783fa41d12695d061fb0a0c265c28c6478fb36d4d724ece0369592f940dc1d4c2198399736c025130e30dcf7c582033e1f2bc51fd727b5c47","field":"|afs|","address":"192.168.1.1:8080"}


Interest Packaet URI - /bfs/query/afid/1e00000000006ea783fa41d12695d061fb0a0c265c28c6478fb36d4d724ece0369592f940dc1d4c2198399736c025130e30dcf7c582033e1f2bc51fd727b5c47
Issue Command - /aos/ks/afs_1e/afs-x64 ";_f=query;afid=1e00000000006ea783fa41d12695d061fb0a0c265c28c6478fb36d4d724ece0369592f940dc1d4c2198399736c025130e30dcf7c582033e1f2bc51fd727b5c47;"
Command Result - ;_r=true;is_exist=true;field=|afs|;is_cache=false;afid=1e00000000006ea783fa41d12695d061fb0a0c265c28c6478fb36d4d724ece0369592f940dc1d4c2198399736c025130e30dcf7c582033e1f2bc51fd727b5c47;;
Data Packet - {"afid":"1e00000000006ea783fa41d12695d061fb0a0c265c28c6478fb36d4d724ece0369592f940dc1d4c2198399736c025130e30dcf7c582033e1f2bc51fd727b5c47","field":"|afs|","address":"192.168.1.1:8080"}


Interest Packaet URI - /bfs/query/afid/1e00000000006ea783fa41d12695d061fb0a0c265c28c6478fb36d4d724ece0369592f940dc1d4c2198399736c025130e30dcf7c582033e1f2bc51fd727b5c47
Issue Command - /aos/ks/afs_1e/afs-x64 ";_f=query;afid=1e00000000006ea783fa41d12695d061fb0a0c265c28c6478fb36d4d724ece0369592f940dc1d4c2198399736c025130e30dcf7c582033e1f2bc51fd727b5c47;"
Command Result - ;_r=true;is_exist=true;field=|afs|;is_cache=false;afid=1e00000000006ea783fa41d12695d061fb0a0c265c28c6478fb36d4d724ece0369592f940dc1d4c2198399736c025130e30dcf7c582033e1f2bc51fd727b5c47;;
Data Packet - {"afid":"1e00000000006ea783fa41d12695d061fb0a0c265c28c6478fb36d4d724ece0369592f940dc1d4c2198399736c025130e30dcf7c582033e1f2bc51fd727b5c47","field":"|afs|","address":"192.168.1.1:8080"}


Interest Packaet URI - /bfs/query/afid/1e00000000006ea783fa41d12695d061fb0a0c265c28c6478fb36d4d724ece0369592f940dc1d4c2198399736c025130e30dcf7c582033e1f2bc51fd727b5c47
Issue Command - /aos/ks/afs_1e/afs-x64 ";_f=query;afid=1e00000000006ea783fa41d12695d061fb0a0c265c28c6478fb36d4d724ece0369592f940dc1d4c2198399736c025130e30dcf7c582033e1f2bc51fd727b5c47;"
Command Result - ;_r=true;is_exist=true;field=|afs|;is_cache=false;afid=1e00000000006ea783fa41d12695d061fb0a0c265c28c6478fb36d4d724ece0369592f940dc1d4c2198399736c025130e30dcf7c582033e1f2bc51fd727b5c47;;
Data Packet - {"afid":"1e00000000006ea783fa41d12695d061fb0a0c265c28c6478fb36d4d724ece0369592f940dc1d4c2198399736c025130e30dcf7c582033e1f2bc51fd727b5c47","field":"|afs|","address":"192.168.1.1:8080"}


Interest Packaet URI - /bfs/query/afid/1e00000000006ea783fa41d12695d061fb0a0c265c28c6478fb36d4d724ece0369592f940dc1d4c2198399736c025130e30dcf7c582033e1f2bc51fd727b5c47
Issue Command - /aos/ks/afs_1e/afs-x64 ";_f=query;afid=1e00000000006ea783fa41d12695d061fb0a0c265c28c6478fb36d4d724ece0369592f940dc1d4c2198399736c025130e30dcf7c582033e1f2bc51fd727b5c47;"
Command Result - ;_r=true;is_exist=true;field=|afs|;is_cache=false;afid=1e00000000006ea783fa41d12695d061fb0a0c265c28c6478fb36d4d724ece0369592f940dc1d4c2198399736c025130e30dcf7c582033e1f2bc51fd727b5c47;;
Data Packet - {"afid":"1e00000000006ea783fa41d12695d061fb0a0c265c28c6478fb36d4d724ece0369592f940dc1d4c2198399736c025130e30dcf7c582033e1f2bc51fd727b5c47","field":"|afs|","address":"192.168.1.1:8080"}


Interest Packaet URI - /bfs/query/afid/1e00000000006ea783fa41d12695d061fb0a0c265c28c6478fb36d4d724ece0369592f940dc1d4c2198399736c025130e30dcf7c582033e1f2bc51fd727b5c47
Issue Command - /aos/ks/afs_1e/afs-x64 ";_f=query;afid=1e00000000006ea783fa41d12695d061fb0a0c265c28c6478fb36d4d724ece0369592f940dc1d4c2198399736c025130e30dcf7c582033e1f2bc51fd727b5c47;"
Command Result - ;_r=true;is_exist=true;field=|afs|;is_cache=false;afid=1e00000000006ea783fa41d12695d061fb0a0c265c28c6478fb36d4d724ece0369592f940dc1d4c2198399736c025130e30dcf7c582033e1f2bc51fd727b5c47;;
Data Packet - {"afid":"1e00000000006ea783fa41d12695d061fb0a0c265c28c6478fb36d4d724ece0369592f940dc1d4c2198399736c025130e30dcf7c582033e1f2bc51fd727b5c47","field":"|afs|","address":"192.168.1.1:8080"}


Interest Packaet URI - /bfs/query/afid/1e00000000006ea783fa41d12695d061fb0a0c265c28c6478fb36d4d724ece0369592f940dc1d4c2198399736c025130e30dcf7c582033e1f2bc51fd727b5c47
Issue Command - /aos/ks/afs_1e/afs-x64 ";_f=query;afid=1e00000000006ea783fa41d12695d061fb0a0c265c28c6478fb36d4d724ece0369592f940dc1d4c2198399736c025130e30dcf7c582033e1f2bc51fd727b5c47;"
Command Result - ;_r=true;is_exist=true;field=|afs|;is_cache=false;afid=1e00000000006ea783fa41d12695d061fb0a0c265c28c6478fb36d4d724ece0369592f940dc1d4c2198399736c025130e30dcf7c582033e1f2bc51fd727b5c47;;
Data Packet - {"afid":"1e00000000006ea783fa41d12695d061fb0a0c265c28c6478fb36d4d724ece0369592f940dc1d4c2198399736c025130e30dcf7c582033e1f2bc51fd727b5c47","field":"|afs|","address":"192.168.1.1:8080"}


Interest Packaet URI - /bfs/query/afid/1e00000000006ea783fa41d12695d061fb0a0c265c28c6478fb36d4d724ece0369592f940dc1d4c2198399736c025130e30dcf7c582033e1f2bc51fd727b5c47
Issue Command - /aos/ks/afs_1e/afs-x64 ";_f=query;afid=1e00000000006ea783fa41d12695d061fb0a0c265c28c6478fb36d4d724ece0369592f940dc1d4c2198399736c025130e30dcf7c582033e1f2bc51fd727b5c47;"
Command Result - ;_r=true;is_exist=true;field=|afs|;is_cache=false;afid=1e00000000006ea783fa41d12695d061fb0a0c265c28c6478fb36d4d724ece0369592f940dc1d4c2198399736c025130e30dcf7c582033e1f2bc51fd727b5c47;;
Data Packet - {"afid":"1e00000000006ea783fa41d12695d061fb0a0c265c28c6478fb36d4d724ece0369592f940dc1d4c2198399736c025130e30dcf7c582033e1f2bc51fd727b5c47","field":"|afs|","address":"192.168.1.1:8080"}


Interest Packaet URI - /bfs/query/afid/1e00000000006ea783fa41d12695d061fb0a0c265c28c6478fb36d4d724ece0369592f940dc1d4c2198399736c025130e30dcf7c582033e1f2bc51fd727b5c47
Issue Command - /aos/ks/afs_1e/afs-x64 ";_f=query;afid=1e00000000006ea783fa41d12695d061fb0a0c265c28c6478fb36d4d724ece0369592f940dc1d4c2198399736c025130e30dcf7c582033e1f2bc51fd727b5c47;"
Command Result - ;_r=true;is_exist=true;field=|afs|;is_cache=false;afid=1e00000000006ea783fa41d12695d061fb0a0c265c28c6478fb36d4d724ece0369592f940dc1d4c2198399736c025130e30dcf7c582033e1f2bc51fd727b5c47;;
Data Packet - {"afid":"1e00000000006ea783fa41d12695d061fb0a0c265c28c6478fb36d4d724ece0369592f940dc1d4c2198399736c025130e30dcf7c582033e1f2bc51fd727b5c47","field":"|afs|","address":"192.168.1.1:8080"}


Interest Packaet URI - /bfs/query/afid/1e00000000006ea783fa41d12695d061fb0a0c265c28c6478fb36d4d724ece0369592f940dc1d4c2198399736c025130e30dcf7c582033e1f2bc51fd727b5c47
Issue Command - /aos/ks/afs_1e/afs-x64 ";_f=query;afid=1e00000000006ea783fa41d12695d061fb0a0c265c28c6478fb36d4d724ece0369592f940dc1d4c2198399736c025130e30dcf7c582033e1f2bc51fd727b5c47;"
Command Result - ;_r=true;is_exist=true;field=|afs|;is_cache=false;afid=1e00000000006ea783fa41d12695d061fb0a0c265c28c6478fb36d4d724ece0369592f940dc1d4c2198399736c025130e30dcf7c582033e1f2bc51fd727b5c47;;
Data Packet - {"afid":"1e00000000006ea783fa41d12695d061fb0a0c265c28c6478fb36d4d724ece0369592f940dc1d4c2198399736c025130e30dcf7c582033e1f2bc51fd727b5c47","field":"|afs|","address":"192.168.1.1:8080"}


Interest Packaet URI - /bfs/query/afid/1e00000000006ea783fa41d12695d061fb0a0c265c28c6478fb36d4d724ece0369592f940dc1d4c2198399736c025130e30dcf7c582033e1f2bc51fd727b5c47
Issue Command - /aos/ks/afs_1e/afs-x64 ";_f=query;afid=1e00000000006ea783fa41d12695d061fb0a0c265c28c6478fb36d4d724ece0369592f940dc1d4c2198399736c025130e30dcf7c582033e1f2bc51fd727b5c47;"
Command Result - ;_r=true;is_exist=true;field=|afs|;is_cache=false;afid=1e00000000006ea783fa41d12695d061fb0a0c265c28c6478fb36d4d724ece0369592f940dc1d4c2198399736c025130e30dcf7c582033e1f2bc51fd727b5c47;;
Data Packet - {"afid":"1e00000000006ea783fa41d12695d061fb0a0c265c28c6478fb36d4d724ece0369592f940dc1d4c2198399736c025130e30dcf7c582033e1f2bc51fd727b5c47","field":"|afs|","address":"192.168.1.1:8080"}


Interest Packaet URI - /bfs/query/afid/1e00000000006ea783fa41d12695d061fb0a0c265c28c6478fb36d4d724ece0369592f940dc1d4c2198399736c025130e30dcf7c582033e1f2bc51fd727b5c47
Issue Command - /aos/ks/afs_1e/afs-x64 ";_f=query;afid=1e00000000006ea783fa41d12695d061fb0a0c265c28c6478fb36d4d724ece0369592f940dc1d4c2198399736c025130e30dcf7c582033e1f2bc51fd727b5c47;"
Command Result - ;_r=true;is_exist=true;field=|afs|;is_cache=false;afid=1e00000000006ea783fa41d12695d061fb0a0c265c28c6478fb36d4d724ece0369592f940dc1d4c2198399736c025130e30dcf7c582033e1f2bc51fd727b5c47;;
Data Packet - {"afid":"1e00000000006ea783fa41d12695d061fb0a0c265c28c6478fb36d4d724ece0369592f940dc1d4c2198399736c025130e30dcf7c582033e1f2bc51fd727b5c47","field":"|afs|","address":"192.168.1.1:8080"}


Interest Packaet URI - /bfs/query/afid/1e00000000006ea783fa41d12695d061fb0a0c265c28c6478fb36d4d724ece0369592f940dc1d4c2198399736c025130e30dcf7c582033e1f2bc51fd727b5c47
Issue Command - /aos/ks/afs_1e/afs-x64 ";_f=query;afid=1e00000000006ea783fa41d12695d061fb0a0c265c28c6478fb36d4d724ece0369592f940dc1d4c2198399736c025130e30dcf7c582033e1f2bc51fd727b5c47;"
Command Result - ;_r=true;is_exist=true;field=|afs|;is_cache=false;afid=1e00000000006ea783fa41d12695d061fb0a0c265c28c6478fb36d4d724ece0369592f940dc1d4c2198399736c025130e30dcf7c582033e1f2bc51fd727b5c47;;
Data Packet - {"afid":"1e00000000006ea783fa41d12695d061fb0a0c265c28c6478fb36d4d724ece0369592f940dc1d4c2198399736c025130e30dcf7c582033e1f2bc51fd727b5c47","field":"|afs|","address":"192.168.1.1:8080"}


Interest Packaet URI - /bfs/query/afid/1e00000000006ea783fa41d12695d061fb0a0c265c28c6478fb36d4d724ece0369592f940dc1d4c2198399736c025130e30dcf7c582033e1f2bc51fd727b5c47
Issue Command - /aos/ks/afs_1e/afs-x64 ";_f=query;afid=1e00000000006ea783fa41d12695d061fb0a0c265c28c6478fb36d4d724ece0369592f940dc1d4c2198399736c025130e30dcf7c582033e1f2bc51fd727b5c47;"
Command Result - ;_r=true;is_exist=true;field=|afs|;is_cache=false;afid=1e00000000006ea783fa41d12695d061fb0a0c265c28c6478fb36d4d724ece0369592f940dc1d4c2198399736c025130e30dcf7c582033e1f2bc51fd727b5c47;;
Data Packet - {"afid":"1e00000000006ea783fa41d12695d061fb0a0c265c28c6478fb36d4d724ece0369592f940dc1d4c2198399736c025130e30dcf7c582033e1f2bc51fd727b5c47","field":"|afs|","address":"192.168.1.1:8080"}


Interest Packaet URI - /bfs/query/afid/1e00000000006ea783fa41d12695d061fb0a0c265c28c6478fb36d4d724ece0369592f940dc1d4c2198399736c025130e30dcf7c582033e1f2bc51fd727b5c47
Issue Command - /aos/ks/afs_1e/afs-x64 ";_f=query;afid=1e00000000006ea783fa41d12695d061fb0a0c265c28c6478fb36d4d724ece0369592f940dc1d4c2198399736c025130e30dcf7c582033e1f2bc51fd727b5c47;"
Command Result - ;_r=true;is_exist=true;field=|afs|;is_cache=false;afid=1e00000000006ea783fa41d12695d061fb0a0c265c28c6478fb36d4d724ece0369592f940dc1d4c2198399736c025130e30dcf7c582033e1f2bc51fd727b5c47;;
Data Packet - {"afid":"1e00000000006ea783fa41d12695d061fb0a0c265c28c6478fb36d4d724ece0369592f940dc1d4c2198399736c025130e30dcf7c582033e1f2bc51fd727b5c47","field":"|afs|","address":"192.168.1.1:8080"}


Interest Packaet URI - /bfs/query/afid/1e00000000006ea783fa41d12695d061fb0a0c265c28c6478fb36d4d724ece0369592f940dc1d4c2198399736c025130e30dcf7c582033e1f2bc51fd727b5c47
Issue Command - /aos/ks/afs_1e/afs-x64 ";_f=query;afid=1e00000000006ea783fa41d12695d061fb0a0c265c28c6478fb36d4d724ece0369592f940dc1d4c2198399736c025130e30dcf7c582033e1f2bc51fd727b5c47;"
Command Result - ;_r=true;is_exist=true;field=|afs|;is_cache=false;afid=1e00000000006ea783fa41d12695d061fb0a0c265c28c6478fb36d4d724ece0369592f940dc1d4c2198399736c025130e30dcf7c582033e1f2bc51fd727b5c47;;
Data Packet - {"afid":"1e00000000006ea783fa41d12695d061fb0a0c265c28c6478fb36d4d724ece0369592f940dc1d4c2198399736c025130e30dcf7c582033e1f2bc51fd727b5c47","field":"|afs|","address":"192.168.1.1:8080"}


Interest Packaet URI - /bfs/query/afid/1e00000000006ea783fa41d12695d061fb0a0c265c28c6478fb36d4d724ece0369592f940dc1d4c2198399736c025130e30dcf7c582033e1f2bc51fd727b5c47
Issue Command - /aos/ks/afs_1e/afs-x64 ";_f=query;afid=1e00000000006ea783fa41d12695d061fb0a0c265c28c6478fb36d4d724ece0369592f940dc1d4c2198399736c025130e30dcf7c582033e1f2bc51fd727b5c47;"
Command Result - ;_r=true;is_exist=true;field=|afs|;is_cache=false;afid=1e00000000006ea783fa41d12695d061fb0a0c265c28c6478fb36d4d724ece0369592f940dc1d4c2198399736c025130e30dcf7c582033e1f2bc51fd727b5c47;;
Data Packet - {"afid":"1e00000000006ea783fa41d12695d061fb0a0c265c28c6478fb36d4d724ece0369592f940dc1d4c2198399736c025130e30dcf7c582033e1f2bc51fd727b5c47","field":"|afs|","address":"192.168.1.1:8080"}


Interest Packaet URI - /bfs/query/afid/1e00000000006ea783fa41d12695d061fb0a0c265c28c6478fb36d4d724ece0369592f940dc1d4c2198399736c025130e30dcf7c582033e1f2bc51fd727b5c47
Issue Command - /aos/ks/afs_1e/afs-x64 ";_f=query;afid=1e00000000006ea783fa41d12695d061fb0a0c265c28c6478fb36d4d724ece0369592f940dc1d4c2198399736c025130e30dcf7c582033e1f2bc51fd727b5c47;"
Command Result - ;_r=true;is_exist=true;field=|afs|;is_cache=false;afid=1e00000000006ea783fa41d12695d061fb0a0c265c28c6478fb36d4d724ece0369592f940dc1d4c2198399736c025130e30dcf7c582033e1f2bc51fd727b5c47;;
Data Packet - {"afid":"1e00000000006ea783fa41d12695d061fb0a0c265c28c6478fb36d4d724ece0369592f940dc1d4c2198399736c025130e30dcf7c582033e1f2bc51fd727b5c47","field":"|afs|","address":"192.168.1.1:8080"}


Interest Packaet URI - /bfs/query/afid/1e00000000006ea783fa41d12695d061fb0a0c265c28c6478fb36d4d724ece0369592f940dc1d4c2198399736c025130e30dcf7c582033e1f2bc51fd727b5c47
Issue Command - /aos/ks/afs_1e/afs-x64 ";_f=query;afid=1e00000000006ea783fa41d12695d061fb0a0c265c28c6478fb36d4d724ece0369592f940dc1d4c2198399736c025130e30dcf7c582033e1f2bc51fd727b5c47;"
Command Result - ;_r=true;is_exist=true;field=|afs|;is_cache=false;afid=1e00000000006ea783fa41d12695d061fb0a0c265c28c6478fb36d4d724ece0369592f940dc1d4c2198399736c025130e30dcf7c582033e1f2bc51fd727b5c47;;
Data Packet - {"afid":"1e00000000006ea783fa41d12695d061fb0a0c265c28c6478fb36d4d724ece0369592f940dc1d4c2198399736c025130e30dcf7c582033e1f2bc51fd727b5c47","field":"|afs|","address":"192.168.1.1:8080"}


Interest Packaet URI - /bfs/query/afid/1e00000000006ea783fa41d12695d061fb0a0c265c28c6478fb36d4d724ece0369592f940dc1d4c2198399736c025130e30dcf7c582033e1f2bc51fd727b5c47
Issue Command - /aos/ks/afs_1e/afs-x64 ";_f=query;afid=1e00000000006ea783fa41d12695d061fb0a0c265c28c6478fb36d4d724ece0369592f940dc1d4c2198399736c025130e30dcf7c582033e1f2bc51fd727b5c47;"
Command Result - ;_r=true;is_exist=true;field=|afs|;is_cache=false;afid=1e00000000006ea783fa41d12695d061fb0a0c265c28c6478fb36d4d724ece0369592f940dc1d4c2198399736c025130e30dcf7c582033e1f2bc51fd727b5c47;;
Data Packet - {"afid":"1e00000000006ea783fa41d12695d061fb0a0c265c28c6478fb36d4d724ece0369592f940dc1d4c2198399736c025130e30dcf7c582033e1f2bc51fd727b5c47","field":"|afs|","address":"192.168.1.1:8080"}


Interest Packaet URI - /bfs/query/afid/1e00000000006ea783fa41d12695d061fb0a0c265c28c6478fb36d4d724ece0369592f940dc1d4c2198399736c025130e30dcf7c582033e1f2bc51fd727b5c47
Issue Command - /aos/ks/afs_1e/afs-x64 ";_f=query;afid=1e00000000006ea783fa41d12695d061fb0a0c265c28c6478fb36d4d724ece0369592f940dc1d4c2198399736c025130e30dcf7c582033e1f2bc51fd727b5c47;"
Command Result - ;_r=true;is_exist=true;field=|afs|;is_cache=false;afid=1e00000000006ea783fa41d12695d061fb0a0c265c28c6478fb36d4d724ece0369592f940dc1d4c2198399736c025130e30dcf7c582033e1f2bc51fd727b5c47;;
Data Packet - {"afid":"1e00000000006ea783fa41d12695d061fb0a0c265c28c6478fb36d4d724ece0369592f940dc1d4c2198399736c025130e30dcf7c582033e1f2bc51fd727b5c47","field":"|afs|","address":"192.168.1.1:8080"}


Interest Packaet URI - /bfs/query/afid/1e00000000006ea783fa41d12695d061fb0a0c265c28c6478fb36d4d724ece0369592f940dc1d4c2198399736c025130e30dcf7c582033e1f2bc51fd727b5c47
Issue Command - /aos/ks/afs_1e/afs-x64 ";_f=query;afid=1e00000000006ea783fa41d12695d061fb0a0c265c28c6478fb36d4d724ece0369592f940dc1d4c2198399736c025130e30dcf7c582033e1f2bc51fd727b5c47;"
Command Result - ;_r=true;is_exist=true;field=|afs|;is_cache=false;afid=1e00000000006ea783fa41d12695d061fb0a0c265c28c6478fb36d4d724ece0369592f940dc1d4c2198399736c025130e30dcf7c582033e1f2bc51fd727b5c47;;
Data Packet - {"afid":"1e00000000006ea783fa41d12695d061fb0a0c265c28c6478fb36d4d724ece0369592f940dc1d4c2198399736c025130e30dcf7c582033e1f2bc51fd727b5c47","field":"|afs|","address":"192.168.1.1:8080"}


Interest Packaet URI - /bfs/query/afid/1e00000000006ea783fa41d12695d061fb0a0c265c28c6478fb36d4d724ece0369592f940dc1d4c2198399736c025130e30dcf7c582033e1f2bc51fd727b5c47
Issue Command - /aos/ks/afs_1e/afs-x64 ";_f=query;afid=1e00000000006ea783fa41d12695d061fb0a0c265c28c6478fb36d4d724ece0369592f940dc1d4c2198399736c025130e30dcf7c582033e1f2bc51fd727b5c47;"
Command Result - ;_r=true;is_exist=true;field=|afs|;is_cache=false;afid=1e00000000006ea783fa41d12695d061fb0a0c265c28c6478fb36d4d724ece0369592f940dc1d4c2198399736c025130e30dcf7c582033e1f2bc51fd727b5c47;;
Data Packet - {"afid":"1e00000000006ea783fa41d12695d061fb0a0c265c28c6478fb36d4d724ece0369592f940dc1d4c2198399736c025130e30dcf7c582033e1f2bc51fd727b5c47","field":"|afs|","address":"192.168.1.1:8080"}


Interest Packaet URI - /bfs/query/afid/1e00000000006ea783fa41d12695d061fb0a0c265c28c6478fb36d4d724ece0369592f940dc1d4c2198399736c025130e30dcf7c582033e1f2bc51fd727b5c47
Issue Command - /aos/ks/afs_1e/afs-x64 ";_f=query;afid=1e00000000006ea783fa41d12695d061fb0a0c265c28c6478fb36d4d724ece0369592f940dc1d4c2198399736c025130e30dcf7c582033e1f2bc51fd727b5c47;"
Command Result - ;_r=true;is_exist=true;field=|afs|;is_cache=false;afid=1e00000000006ea783fa41d12695d061fb0a0c265c28c6478fb36d4d724ece0369592f940dc1d4c2198399736c025130e30dcf7c582033e1f2bc51fd727b5c47;;
Data Packet - {"afid":"1e00000000006ea783fa41d12695d061fb0a0c265c28c6478fb36d4d724ece0369592f940dc1d4c2198399736c025130e30dcf7c582033e1f2bc51fd727b5c47","field":"|afs|","address":"192.168.1.1:8080"}


Interest Packaet URI - /bfs/query/afid/1e00000000006ea783fa41d12695d061fb0a0c265c28c6478fb36d4d724ece0369592f940dc1d4c2198399736c025130e30dcf7c582033e1f2bc51fd727b5c47
Issue Command - /aos/ks/afs_1e/afs-x64 ";_f=query;afid=1e00000000006ea783fa41d12695d061fb0a0c265c28c6478fb36d4d724ece0369592f940dc1d4c2198399736c025130e30dcf7c582033e1f2bc51fd727b5c47;"
Command Result - ;_r=true;is_exist=true;field=|afs|;is_cache=false;afid=1e00000000006ea783fa41d12695d061fb0a0c265c28c6478fb36d4d724ece0369592f940dc1d4c2198399736c025130e30dcf7c582033e1f2bc51fd727b5c47;;
Data Packet - {"afid":"1e00000000006ea783fa41d12695d061fb0a0c265c28c6478fb36d4d724ece0369592f940dc1d4c2198399736c025130e30dcf7c582033e1f2bc51fd727b5c47","field":"|afs|","address":"192.168.1.1:8080"}


Interest Packaet URI - /bfs/query/afid/1e00000000006ea783fa41d12695d061fb0a0c265c28c6478fb36d4d724ece0369592f940dc1d4c2198399736c025130e30dcf7c582033e1f2bc51fd727b5c47
Issue Command - /aos/ks/afs_1e/afs-x64 ";_f=query;afid=1e00000000006ea783fa41d12695d061fb0a0c265c28c6478fb36d4d724ece0369592f940dc1d4c2198399736c025130e30dcf7c582033e1f2bc51fd727b5c47;"
Command Result - ;_r=true;is_exist=true;field=|afs|;is_cache=false;afid=1e00000000006ea783fa41d12695d061fb0a0c265c28c6478fb36d4d724ece0369592f940dc1d4c2198399736c025130e30dcf7c582033e1f2bc51fd727b5c47;;
Data Packet - {"afid":"1e00000000006ea783fa41d12695d061fb0a0c265c28c6478fb36d4d724ece0369592f940dc1d4c2198399736c025130e30dcf7c582033e1f2bc51fd727b5c47","field":"|afs|","address":"192.168.1.1:8080"}


Interest Packaet URI - /bfs/query/afid/1e00000000006ea783fa41d12695d061fb0a0c265c28c6478fb36d4d724ece0369592f940dc1d4c2198399736c025130e30dcf7c582033e1f2bc51fd727b5c47
Issue Command - /aos/ks/afs_1e/afs-x64 ";_f=query;afid=1e00000000006ea783fa41d12695d061fb0a0c265c28c6478fb36d4d724ece0369592f940dc1d4c2198399736c025130e30dcf7c582033e1f2bc51fd727b5c47;"
Command Result - ;_r=true;is_exist=true;field=|afs|;is_cache=false;afid=1e00000000006ea783fa41d12695d061fb0a0c265c28c6478fb36d4d724ece0369592f940dc1d4c2198399736c025130e30dcf7c582033e1f2bc51fd727b5c47;;
Data Packet - {"afid":"1e00000000006ea783fa41d12695d061fb0a0c265c28c6478fb36d4d724ece0369592f940dc1d4c2198399736c025130e30dcf7c582033e1f2bc51fd727b5c47","field":"|afs|","address":"192.168.1.1:8080"}


Interest Packaet URI - /bfs/query/afid/1e00000000006ea783fa41d12695d061fb0a0c265c28c6478fb36d4d724ece0369592f940dc1d4c2198399736c025130e30dcf7c582033e1f2bc51fd727b5c47
Issue Command - /aos/ks/afs_1e/afs-x64 ";_f=query;afid=1e00000000006ea783fa41d12695d061fb0a0c265c28c6478fb36d4d724ece0369592f940dc1d4c2198399736c025130e30dcf7c582033e1f2bc51fd727b5c47;"
Command Result - ;_r=true;is_exist=true;field=|afs|;is_cache=false;afid=1e00000000006ea783fa41d12695d061fb0a0c265c28c6478fb36d4d724ece0369592f940dc1d4c2198399736c025130e30dcf7c582033e1f2bc51fd727b5c47;;
Data Packet - {"afid":"1e00000000006ea783fa41d12695d061fb0a0c265c28c6478fb36d4d724ece0369592f940dc1d4c2198399736c025130e30dcf7c582033e1f2bc51fd727b5c47","field":"|afs|","address":"192.168.1.1:8080"}


Interest Packaet URI - /bfs/query/afid/1e00000000006ea783fa41d12695d061fb0a0c265c28c6478fb36d4d724ece0369592f940dc1d4c2198399736c025130e30dcf7c582033e1f2bc51fd727b5c47
Issue Command - /aos/ks/afs_1e/afs-x64 ";_f=query;afid=1e00000000006ea783fa41d12695d061fb0a0c265c28c6478fb36d4d724ece0369592f940dc1d4c2198399736c025130e30dcf7c582033e1f2bc51fd727b5c47;"
Command Result - ;_r=true;is_exist=true;field=|afs|;is_cache=false;afid=1e00000000006ea783fa41d12695d061fb0a0c265c28c6478fb36d4d724ece0369592f940dc1d4c2198399736c025130e30dcf7c582033e1f2bc51fd727b5c47;;
Data Packet - {"afid":"1e00000000006ea783fa41d12695d061fb0a0c265c28c6478fb36d4d724ece0369592f940dc1d4c2198399736c025130e30dcf7c582033e1f2bc51fd727b5c47","field":"|afs|","address":"192.168.1.1:8080"}


Interest Packaet URI - /bfs/query/afid/1e00000000006ea783fa41d12695d061fb0a0c265c28c6478fb36d4d724ece0369592f940dc1d4c2198399736c025130e30dcf7c582033e1f2bc51fd727b5c47
Issue Command - /aos/ks/afs_1e/afs-x64 ";_f=query;afid=1e00000000006ea783fa41d12695d061fb0a0c265c28c6478fb36d4d724ece0369592f940dc1d4c2198399736c025130e30dcf7c582033e1f2bc51fd727b5c47;"
Command Result - ;_r=true;is_exist=true;field=|afs|;is_cache=false;afid=1e00000000006ea783fa41d12695d061fb0a0c265c28c6478fb36d4d724ece0369592f940dc1d4c2198399736c025130e30dcf7c582033e1f2bc51fd727b5c47;;
Data Packet - {"afid":"1e00000000006ea783fa41d12695d061fb0a0c265c28c6478fb36d4d724ece0369592f940dc1d4c2198399736c025130e30dcf7c582033e1f2bc51fd727b5c47","field":"|afs|","address":"192.168.1.1:8080"}


Interest Packaet URI - /bfs/query/afid/1e00000000006ea783fa41d12695d061fb0a0c265c28c6478fb36d4d724ece0369592f940dc1d4c2198399736c025130e30dcf7c582033e1f2bc51fd727b5c47
Issue Command - /aos/ks/afs_1e/afs-x64 ";_f=query;afid=1e00000000006ea783fa41d12695d061fb0a0c265c28c6478fb36d4d724ece0369592f940dc1d4c2198399736c025130e30dcf7c582033e1f2bc51fd727b5c47;"
Command Result - ;_r=true;is_exist=true;field=|afs|;is_cache=false;afid=1e00000000006ea783fa41d12695d061fb0a0c265c28c6478fb36d4d724ece0369592f940dc1d4c2198399736c025130e30dcf7c582033e1f2bc51fd727b5c47;;
Data Packet - {"afid":"1e00000000006ea783fa41d12695d061fb0a0c265c28c6478fb36d4d724ece0369592f940dc1d4c2198399736c025130e30dcf7c582033e1f2bc51fd727b5c47","field":"|afs|","address":"192.168.1.1:8080"}


Interest Packaet URI - /bfs/query/afid/1e00000000006ea783fa41d12695d061fb0a0c265c28c6478fb36d4d724ece0369592f940dc1d4c2198399736c025130e30dcf7c582033e1f2bc51fd727b5c47
Issue Command - /aos/ks/afs_1e/afs-x64 ";_f=query;afid=1e00000000006ea783fa41d12695d061fb0a0c265c28c6478fb36d4d724ece0369592f940dc1d4c2198399736c025130e30dcf7c582033e1f2bc51fd727b5c47;"
Command Result - ;_r=true;is_exist=true;field=|afs|;is_cache=false;afid=1e00000000006ea783fa41d12695d061fb0a0c265c28c6478fb36d4d724ece0369592f940dc1d4c2198399736c025130e30dcf7c582033e1f2bc51fd727b5c47;;
Data Packet - {"afid":"1e00000000006ea783fa41d12695d061fb0a0c265c28c6478fb36d4d724ece0369592f940dc1d4c2198399736c025130e30dcf7c582033e1f2bc51fd727b5c47","field":"|afs|","address":"192.168.1.1:8080"}


Interest Packaet URI - /bfs/query/afid/1e00000000006ea783fa41d12695d061fb0a0c265c28c6478fb36d4d724ece0369592f940dc1d4c2198399736c025130e30dcf7c582033e1f2bc51fd727b5c47
Issue Command - /aos/ks/afs_1e/afs-x64 ";_f=query;afid=1e00000000006ea783fa41d12695d061fb0a0c265c28c6478fb36d4d724ece0369592f940dc1d4c2198399736c025130e30dcf7c582033e1f2bc51fd727b5c47;"
Command Result - ;_r=true;is_exist=true;field=|afs|;is_cache=false;afid=1e00000000006ea783fa41d12695d061fb0a0c265c28c6478fb36d4d724ece0369592f940dc1d4c2198399736c025130e30dcf7c582033e1f2bc51fd727b5c47;;
Data Packet - {"afid":"1e00000000006ea783fa41d12695d061fb0a0c265c28c6478fb36d4d724ece0369592f940dc1d4c2198399736c025130e30dcf7c582033e1f2bc51fd727b5c47","field":"|afs|","address":"192.168.1.1:8080"}


Interest Packaet URI - /bfs/query/afid/1e00000000006ea783fa41d12695d061fb0a0c265c28c6478fb36d4d724ece0369592f940dc1d4c2198399736c025130e30dcf7c582033e1f2bc51fd727b5c47
Issue Command - /aos/ks/afs_1e/afs-x64 ";_f=query;afid=1e00000000006ea783fa41d12695d061fb0a0c265c28c6478fb36d4d724ece0369592f940dc1d4c2198399736c025130e30dcf7c582033e1f2bc51fd727b5c47;"
Command Result - ;_r=true;is_exist=true;field=|afs|;is_cache=false;afid=1e00000000006ea783fa41d12695d061fb0a0c265c28c6478fb36d4d724ece0369592f940dc1d4c2198399736c025130e30dcf7c582033e1f2bc51fd727b5c47;;
Data Packet - {"afid":"1e00000000006ea783fa41d12695d061fb0a0c265c28c6478fb36d4d724ece0369592f940dc1d4c2198399736c025130e30dcf7c582033e1f2bc51fd727b5c47","field":"|afs|","address":"192.168.1.1:8080"}


Interest Packaet URI - /bfs/query/afid/1e00000000006ea783fa41d12695d061fb0a0c265c28c6478fb36d4d724ece0369592f940dc1d4c2198399736c025130e30dcf7c582033e1f2bc51fd727b5c47
Issue Command - /aos/ks/afs_1e/afs-x64 ";_f=query;afid=1e00000000006ea783fa41d12695d061fb0a0c265c28c6478fb36d4d724ece0369592f940dc1d4c2198399736c025130e30dcf7c582033e1f2bc51fd727b5c47;"
Command Result - ;_r=true;is_exist=true;field=|afs|;is_cache=false;afid=1e00000000006ea783fa41d12695d061fb0a0c265c28c6478fb36d4d724ece0369592f940dc1d4c2198399736c025130e30dcf7c582033e1f2bc51fd727b5c47;;
Data Packet - {"afid":"1e00000000006ea783fa41d12695d061fb0a0c265c28c6478fb36d4d724ece0369592f940dc1d4c2198399736c025130e30dcf7c582033e1f2bc51fd727b5c47","field":"|afs|","address":"192.168.1.1:8080"}


Interest Packaet URI - /bfs/query/afid/1e00000000006ea783fa41d12695d061fb0a0c265c28c6478fb36d4d724ece0369592f940dc1d4c2198399736c025130e30dcf7c582033e1f2bc51fd727b5c47
Issue Command - /aos/ks/afs_1e/afs-x64 ";_f=query;afid=1e00000000006ea783fa41d12695d061fb0a0c265c28c6478fb36d4d724ece0369592f940dc1d4c2198399736c025130e30dcf7c582033e1f2bc51fd727b5c47;"
Command Result - ;_r=true;is_exist=true;field=|afs|;is_cache=false;afid=1e00000000006ea783fa41d12695d061fb0a0c265c28c6478fb36d4d724ece0369592f940dc1d4c2198399736c025130e30dcf7c582033e1f2bc51fd727b5c47;;
Data Packet - {"afid":"1e00000000006ea783fa41d12695d061fb0a0c265c28c6478fb36d4d724ece0369592f940dc1d4c2198399736c025130e30dcf7c582033e1f2bc51fd727b5c47","field":"|afs|","address":"192.168.1.1:8080"}


Interest Packaet URI - /bfs/query/afid/1e00000000006ea783fa41d12695d061fb0a0c265c28c6478fb36d4d724ece0369592f940dc1d4c2198399736c025130e30dcf7c582033e1f2bc51fd727b5c47
Issue Command - /aos/ks/afs_1e/afs-x64 ";_f=query;afid=1e00000000006ea783fa41d12695d061fb0a0c265c28c6478fb36d4d724ece0369592f940dc1d4c2198399736c025130e30dcf7c582033e1f2bc51fd727b5c47;"
Command Result - ;_r=true;is_exist=true;field=|afs|;is_cache=false;afid=1e00000000006ea783fa41d12695d061fb0a0c265c28c6478fb36d4d724ece0369592f940dc1d4c2198399736c025130e30dcf7c582033e1f2bc51fd727b5c47;;
Data Packet - {"afid":"1e00000000006ea783fa41d12695d061fb0a0c265c28c6478fb36d4d724ece0369592f940dc1d4c2198399736c025130e30dcf7c582033e1f2bc51fd727b5c47","field":"|afs|","address":"192.168.1.1:8080"}


Interest Packaet URI - /bfs/query/afid/1e00000000006ea783fa41d12695d061fb0a0c265c28c6478fb36d4d724ece0369592f940dc1d4c2198399736c025130e30dcf7c582033e1f2bc51fd727b5c47
Issue Command - /aos/ks/afs_1e/afs-x64 ";_f=query;afid=1e00000000006ea783fa41d12695d061fb0a0c265c28c6478fb36d4d724ece0369592f940dc1d4c2198399736c025130e30dcf7c582033e1f2bc51fd727b5c47;"
Command Result - ;_r=true;is_exist=true;field=|afs|;is_cache=false;afid=1e00000000006ea783fa41d12695d061fb0a0c265c28c6478fb36d4d724ece0369592f940dc1d4c2198399736c025130e30dcf7c582033e1f2bc51fd727b5c47;;
Data Packet - {"afid":"1e00000000006ea783fa41d12695d061fb0a0c265c28c6478fb36d4d724ece0369592f940dc1d4c2198399736c025130e30dcf7c582033e1f2bc51fd727b5c47","field":"|afs|","address":"192.168.1.1:8080"}


Terminated
npm ERR! code ELIFECYCLE
npm ERR! errno 143
npm ERR! @ start: `node src/connector.js`
npm ERR! Exit status 143
npm ERR! 
npm ERR! Failed at the @ start script.
npm ERR! This is probably not a problem with npm. There is likely additional logging output above.

npm ERR! A complete log of this run can be found in:
npm ERR!     /home/steven/.npm/_logs/2019-11-09T15_11_36_620Z-debug.log
